<?xml version="1.0" encoding="UTF-8"?>
<!-- Generated by org.testng.reporters.JUnitReportReporter -->
<testsuite skipped="0" hostname="DESKTOP-0AEQLJ4" name="telesofta.TelesoftaAssignment" tests="2" failures="0" timestamp="14 Apr 2022 07:07:38 GMT" time="23.657" errors="0">
  <testcase name="task3" time="12.242" classname="telesofta.TelesoftaAssignment"/>
  <testcase name="task2" time="11.415" classname="telesofta.TelesoftaAssignment"/>
</testsuite> <!-- telesofta.TelesoftaAssignment -->
